빌드 시작: 2013-11-18 오후 9:28:19
빌드 시작 환경:
MSBuildExtensionsPath32 = C:\Program Files\MSBuild
MSBuildExtensionsPath = C:\Program Files\MSBuild
LOCALAPPDATA = C:\Users\Choibugeun\AppData\Local
ALLUSERSPROFILE = C:\ProgramData
APPDATA = C:\Users\Choibugeun\AppData\Roaming
CommonProgramFiles = C:\Program Files\Common Files
COMPUTERNAME = CHOIBUGEUN-PC
ComSpec = C:\Windows\system32\cmd.exe
FP_NO_HOST_CHECK = NO
HOME = C:\Users\Choibugeun
HOMEDRIVE = C:
HOMEPATH = \Users\Choibugeun
LOGONSERVER = \\CHOIBUGEUN-PC
NUMBER_OF_PROCESSORS = 1
OS = Windows_NT
Path = C:\Program Files\Wizvera\Delfino;C:\Program Files\Common Files\NetSarang;C:\Windows\system32;C:\Windows;C:\Windows\System32\Wbem;C:\Windows\System32\WindowsPowerShell\v1.0\;c:\Program Files\Microsoft SQL Server\90\Tools\binn\;c:\Program Files\Microsoft SQL Server\100\Tools\Binn\;c:\Program Files\Microsoft SQL Server\100\DTS\Binn\;C:\Program Files\Git\cmd;C:\Program Files\Git\bin
PATHEXT = .COM;.EXE;.BAT;.CMD;.VBS;.VBE;.JS;.JSE;.WSF;.WSH;.MSC
PROCESSOR_ARCHITECTURE = x86
PROCESSOR_IDENTIFIER = x86 Family 6 Model 42 Stepping 7, GenuineIntel
PROCESSOR_LEVEL = 6
PROCESSOR_REVISION = 2a07
ProgramData = C:\ProgramData
ProgramFiles = C:\Program Files
PSModulePath = C:\Windows\system32\WindowsPowerShell\v1.0\Modules\
PUBLIC = C:\Users\Public
SESSIONNAME = Console
SystemDrive = C:
SystemRoot = C:\Windows
TEMP = C:\Users\CHOIBU~1\AppData\Local\Temp
TMP = C:\Users\CHOIBU~1\AppData\Local\Temp
USERDOMAIN = Choibugeun-PC
USERNAME = Choibugeun
USERPROFILE = C:\Users\Choibugeun
VisualStudioDir = C:\Users\Choibugeun\Documents\Visual Studio 2010
VS100COMNTOOLS = c:\Program Files\Microsoft Visual Studio 10.0\Common7\Tools\
VS90COMNTOOLS = c:\Program Files\Microsoft Visual Studio 9.0\Common7\Tools\
windir = C:\Windows

2 노드의 "C:\repository\bgAPP\p3\bgAPP\bgAPP\bgAPP.vcxproj" 프로젝트(build 대상)입니다.
도구 버전 "4.0"(을)를 사용하여 빌드하고 있습니다.
"C:\repository\bgAPP\p3\bgAPP\bgAPP\bgAPP.vcxproj" 프로젝트의 "c:\Windows\Microsoft.NET\Framework\v4.0.30319\Microsoft.Common.Targets" 파일에 있는 "_CheckForInvalidConfigurationAndPlatform: (대상 ID:2)" 대상(진입점):
조건이 잘못되어 "Error" 작업을 건너뜁니다. ( '$(_InvalidConfigurationError)' == 'true' )이(가) ( '' == 'true' )(으)로 확인되었습니다.
조건이 잘못되어 "Warning" 작업을 건너뜁니다. ( '$(_InvalidConfigurationWarning)' == 'true' )이(가) ( '' == 'true' )(으)로 확인되었습니다.
"Microsoft.Build.Tasks.v4.0, Version=4.0.0.0, Culture=neutral, PublicKeyToken=b03f5f7f11d50a3a" 어셈블리에서 "Message" 작업을 사용합니다.
"Message" 작업(작업 ID:2)
  Configuration=Debug(작업 ID:2)
"Message" 작업을 실행했습니다.(작업 ID:2)
"Message" 작업(작업 ID:3)
  Platform=Win32(작업 ID:3)
"Message" 작업을 실행했습니다.(작업 ID:3)
조건이 잘못되어 "Error" 작업을 건너뜁니다. ('$(OutDir)' != '' and !HasTrailingSlash('$(OutDir)'))이(가) ('C:\repository\bgAPP\Debug\' != '' and !HasTrailingSlash('C:\repository\bgAPP\Debug\'))(으)로 확인되었습니다.
조건이 잘못되어 "Error" 작업을 건너뜁니다. ('$(BaseIntermediateOutputPath)' != '' and !HasTrailingSlash('$(BaseIntermediateOutputPath)'))이(가) ('obj\' != '' and !HasTrailingSlash('obj\'))(으)로 확인되었습니다.
조건이 잘못되어 "Error" 작업을 건너뜁니다. ('$(IntermediateOutputPath)' != '' and !HasTrailingSlash('$(IntermediateOutputPath)'))이(가) ('Debug\' != '' and !HasTrailingSlash('Debug\'))(으)로 확인되었습니다.
"bgAPP.vcxproj" 프로젝트에 "_CheckForInvalidConfigurationAndPlatform" 대상을 빌드했습니다.: (대상 ID:2)
"C:\repository\bgAPP\p3\bgAPP\bgAPP\bgAPP.vcxproj" 프로젝트의 "C:\Program Files\MSBuild\Microsoft.Cpp\v4.0\Microsoft.CppBuild.targets" 파일에 있는 "_DetermineManagedStateFromCL: (대상 ID:3)" 대상("Build" 대상이 종속됨):
"bgAPP.vcxproj" 프로젝트에 "_DetermineManagedStateFromCL" 대상을 빌드했습니다.: (대상 ID:3)
"C:\repository\bgAPP\p3\bgAPP\bgAPP\bgAPP.vcxproj" 프로젝트의 "C:\Program Files\MSBuild\Microsoft.Cpp\v4.0\Microsoft.BuildSteps.Targets" 파일에 있는 "_PrepareForBuild: (대상 ID:4)" 대상("Build" 대상이 종속됨):
"bgAPP.vcxproj" 프로젝트에 "_PrepareForBuild" 대상을 빌드했습니다.: (대상 ID:4)
"C:\repository\bgAPP\p3\bgAPP\bgAPP\bgAPP.vcxproj" 프로젝트의 "C:\Program Files\MSBuild\Microsoft.Cpp\v4.0\Microsoft.Cpp.targets" 파일에 있는 "SetBuildDefaultEnvironmentVariables: (대상 ID:5)" 대상("Build" 대상이 종속됨):
"Microsoft.Build.CppTasks.Common, Version=4.0.0.0, Culture=neutral, PublicKeyToken=b03f5f7f11d50a3a" 어셈블리에서 "SetEnv" 작업을 사용합니다.
"SetEnv" 작업(작업 ID:4)
  PATH=c:\Program Files\Microsoft Visual Studio 10.0\VC\bin;C:\Program Files\Microsoft SDKs\Windows\v7.0A\bin\NETFX 4.0 Tools;C:\Program Files\Microsoft SDKs\Windows\v7.0A\bin;C:\Program Files\Microsoft Visual Studio 10.0\Common7\Tools\bin;C:\Program Files\Microsoft Visual Studio 10.0\Common7\tools;C:\Program Files\Microsoft Visual Studio 10.0\Common7\ide;C:\Program Files\HTML Help Workshop;C:\Program Files\Microsoft SDKs\Windows\v7.0A\\bin;c:\Windows\Microsoft.NET\Framework\v4.0.30319\;C:\Program Files\Microsoft Visual Studio 10.0\;C:\Windows\SysWow64;;C:\Program Files\Wizvera\Delfino;C:\Program Files\Common Files\NetSarang;C:\Windows\system32;C:\Windows;C:\Windows\System32\Wbem;C:\Windows\System32\WindowsPowerShell\v1.0\;c:\Program Files\Microsoft SQL Server\90\Tools\binn\;c:\Program Files\Microsoft SQL Server\100\Tools\Binn\;c:\Program Files\Microsoft SQL Server\100\DTS\Binn\;C:\Program Files\Git\cmd;C:\Program Files\Git\bin;(작업 ID:4)
"SetEnv" 작업을 실행했습니다.(작업 ID:4)
조건이 잘못되어 "SetEnv" 작업을 건너뜁니다. ('$(_IsNativeEnvironment)' == 'true')이(가) ('' == 'true')(으)로 확인되었습니다.
"SetEnv" 작업(작업 ID:5)
  LIB=c:\Program Files\Microsoft Visual Studio 10.0\VC\lib;c:\Program Files\Microsoft Visual Studio 10.0\VC\atlmfc\lib;C:\Program Files\Microsoft SDKs\Windows\v7.0A\lib;C:\Program Files\Microsoft SDKs\Windows\v7.0A\\lib(작업 ID:5)
"SetEnv" 작업을 실행했습니다.(작업 ID:5)
"SetEnv" 작업(작업 ID:6)
  LIBPATH=c:\Program Files\Microsoft Visual Studio 10.0\VC\atlmfc\lib;c:\Program Files\Microsoft Visual Studio 10.0\VC\lib(작업 ID:6)
"SetEnv" 작업을 실행했습니다.(작업 ID:6)
"SetEnv" 작업(작업 ID:7)
  INCLUDE=c:\Program Files\Microsoft Visual Studio 10.0\VC\include;c:\Program Files\Microsoft Visual Studio 10.0\VC\atlmfc\include;C:\Program Files\Microsoft SDKs\Windows\v7.0A\include;C:\Program Files\Microsoft SDKs\Windows\v7.0A\\include;(작업 ID:7)
"SetEnv" 작업을 실행했습니다.(작업 ID:7)
"bgAPP.vcxproj" 프로젝트에 "SetBuildDefaultEnvironmentVariables" 대상을 빌드했습니다.: (대상 ID:5)
조건이 잘못되어 "SetUserMacroEnvironmentVariables" 대상을 건너뜁니다. ('@(BuildMacro)' != '')이(가) ('' != '')(으)로 확인되었습니다.
"C:\repository\bgAPP\p3\bgAPP\bgAPP\bgAPP.vcxproj" 프로젝트의 "c:\Windows\Microsoft.NET\Framework\v4.0.30319\Microsoft.Common.Targets" 파일에 있는 "BeforeResolveReferences: (대상 ID:6)" 대상("ResolveReferences" 대상이 종속됨):
"bgAPP.vcxproj" 프로젝트에 "BeforeResolveReferences" 대상을 빌드했습니다.: (대상 ID:6)
조건이 잘못되어 "AssignProjectConfiguration" 대상을 건너뜁니다. ('@(ProjectReference)'!='')이(가) (''!='')(으)로 확인되었습니다.
조건이 잘못되어 "AssignProjectConfiguration" 대상을 건너뜁니다. ('@(ProjectReference)'!='')이(가) (''!='')(으)로 확인되었습니다.
"C:\repository\bgAPP\p3\bgAPP\bgAPP\bgAPP.vcxproj" 프로젝트의 "c:\Windows\Microsoft.NET\Framework\v4.0.30319\Microsoft.Common.Targets" 파일에 있는 "_SplitProjectReferencesByFileExistence: (대상 ID:7)" 대상("ResolveProjectReferences" 대상이 종속됨):
조건이 잘못되어 "ResolveNonMSBuildProjectOutput" 작업을 건너뜁니다. ('$(BuildingInsideVisualStudio)'=='true' and '@(ProjectReferenceWithConfiguration)'!='')이(가) ('true'=='true' and ''!='')(으)로 확인되었습니다.
"bgAPP.vcxproj" 프로젝트에 "_SplitProjectReferencesByFileExistence" 대상을 빌드했습니다.: (대상 ID:7)
조건이 잘못되어 "_RemoveNameMetadataFromProjectReferenceItems" 대상을 건너뜁니다. ('@(ProjectReference)'!='')이(가) (''!='')(으)로 확인되었습니다.
"C:\repository\bgAPP\p3\bgAPP\bgAPP\bgAPP.vcxproj" 프로젝트의 "c:\Windows\Microsoft.NET\Framework\v4.0.30319\Microsoft.Common.Targets" 파일에 있는 "ResolveProjectReferences: (대상 ID:8)" 대상("ResolveReferences" 대상이 종속됨):
조건이 잘못되어 "MSBuild" 작업을 건너뜁니다. ('%(_MSBuildProjectReferenceExistent.BuildReference)' == 'true' and '@(ProjectReferenceWithConfiguration)' != '' and ('$(BuildingInsideVisualStudio)' == 'true' or '$(BuildProjectReferences)' != 'true') and '@(_MSBuildProjectReferenceExistent)' != '')이(가) ('' == 'true' and '' != '' and ('true' == 'true' or 'true' != 'true') and '' != '')(으)로 확인되었습니다.
조건이 잘못되어 "MSBuild" 작업을 건너뜁니다. ('%(_MSBuildProjectReferenceExistent.BuildReference)' == 'true' and '@(ProjectReferenceWithConfiguration)' != '' and '$(BuildingInsideVisualStudio)' != 'true' and '$(BuildProjectReferences)' == 'true' and '@(_MSBuildProjectReferenceExistent)' != '')이(가) ('' == 'true' and '' != '' and 'true' != 'true' and 'true' == 'true' and '' != '')(으)로 확인되었습니다.
조건이 잘못되어 "MSBuild" 작업을 건너뜁니다. ('%(_MSBuildProjectReferenceExistent.BuildReference)' == 'true' and '@(ProjectReferenceWithConfiguration)' != '' and '$(BuildingProject)' == 'true' and '@(_MSBuildProjectReferenceExistent)' != '')이(가) ('' == 'true' and '' != '' and 'true' == 'true' and '' != '')(으)로 확인되었습니다.
조건이 잘못되어 "Warning" 작업을 건너뜁니다. ('@(ProjectReferenceWithConfiguration)' != '' and '@(_MSBuildProjectReferenceNonexistent)' != '')이(가) ('' != '' and '' != '')(으)로 확인되었습니다.
"bgAPP.vcxproj" 프로젝트에 "ResolveProjectReferences" 대상을 빌드했습니다.: (대상 ID:8)
조건이 잘못되어 "ResolveNativeReferences" 대상을 건너뜁니다. ('@(NativeReference)'!='')이(가) (''!='')(으)로 확인되었습니다.
조건이 잘못되어 "ResolveAssemblyReferences" 대상을 건너뜁니다. ('@(Reference)'!='' or '@(_ResolvedProjectReferencePaths)'!='' or '@(_ExplicitReference)' != '')이(가) (''!='' or ''!='' or '' != '')(으)로 확인되었습니다.
조건이 잘못되어 "ResolveComReferences" 대상을 건너뜁니다. ('@(COMReference)'!='' or '@(COMFileReference)'!='')이(가) (''!='' or ''!='')(으)로 확인되었습니다.
"C:\repository\bgAPP\p3\bgAPP\bgAPP\bgAPP.vcxproj" 프로젝트의 "c:\Windows\Microsoft.NET\Framework\v4.0.30319\Microsoft.Common.Targets" 파일에 있는 "AfterResolveReferences: (대상 ID:9)" 대상("ResolveReferences" 대상이 종속됨):
"bgAPP.vcxproj" 프로젝트에 "AfterResolveReferences" 대상을 빌드했습니다.: (대상 ID:9)
조건이 잘못되어 "ResolveTestReferences" 대상을 건너뜁니다. ('@(Shadow)'!='')이(가) (''!='')(으)로 확인되었습니다.
"C:\repository\bgAPP\p3\bgAPP\bgAPP\bgAPP.vcxproj" 프로젝트의 "c:\Windows\Microsoft.NET\Framework\v4.0.30319\Microsoft.Common.Targets" 파일에 있는 "ResolveReferences: (대상 ID:10)" 대상("Build" 대상이 종속됨):
"bgAPP.vcxproj" 프로젝트에 "ResolveReferences" 대상을 빌드했습니다.: (대상 ID:10)
"C:\repository\bgAPP\p3\bgAPP\bgAPP\bgAPP.vcxproj" 프로젝트의 "C:\Program Files\MSBuild\Microsoft.Cpp\v4.0\Platforms\Win32\Microsoft.Cpp.Win32.Targets" 파일에 있는 "PlatformPrepareForBuild: (대상 ID:11)" 대상("PrepareForBuild" 대상이 종속됨):
조건이 잘못되어 "VCMessage" 작업을 건너뜁니다. (!(exists('$(VCTargetsPath)\Platforms\Win32\PlatformToolsets\$(PlatformToolset)\Microsoft.Cpp.Win32.$(PlatformToolset).targets')))이(가) (!(exists('C:\Program Files\MSBuild\Microsoft.Cpp\v4.0\\Platforms\Win32\PlatformToolsets\v100\Microsoft.Cpp.Win32.v100.targets')))(으)로 확인되었습니다.
"bgAPP.vcxproj" 프로젝트에 "PlatformPrepareForBuild" 대상을 빌드했습니다.: (대상 ID:11)
"C:\repository\bgAPP\p3\bgAPP\bgAPP\bgAPP.vcxproj" 프로젝트의 "c:\Windows\Microsoft.NET\Framework\v4.0.30319\Microsoft.NETFramework.targets" 파일에 있는 "GetFrameworkPaths: (대상 ID:12)" 대상("PrepareForBuild" 대상이 종속됨):
"bgAPP.vcxproj" 프로젝트에 "GetFrameworkPaths" 대상을 빌드했습니다.: (대상 ID:12)
조건이 잘못되어 "GetWinFXPath" 대상을 건너뜁니다. (('@(Page)' != '' or '@(ApplicationDefinition)' != '' or '@(Resource)' != '') and ('$(GetWinFXNativePath)' != '' or '$(GetWinFXWoWPath)' != '' ))이(가) (('' != '' or '' != '' or '' != '') and ('' != '' or '' != '' ))(으)로 확인되었습니다.
"C:\repository\bgAPP\p3\bgAPP\bgAPP\bgAPP.vcxproj" 프로젝트의 "c:\Windows\Microsoft.NET\Framework\v4.0.30319\Microsoft.Common.Targets" 파일에 있는 "GetReferenceAssemblyPaths: (대상 ID:13)" 대상("PrepareForBuild" 대상이 종속됨):
조건이 잘못되어 "GetReferenceAssemblyPaths" 작업을 건너뜁니다. ('$(TargetFrameworkMoniker)' != '' and ('$(_TargetFrameworkDirectories)' == '' or '$(_FullFrameworkReferenceAssemblyPaths)' == ''))이(가) ('.NETFramework,Version=v4.0' != '' and ('C:\Program Files\Reference Assemblies\Microsoft\Framework\.NETFramework\v4.0' == '' or 'C:\Program Files\Reference Assemblies\Microsoft\Framework\.NETFramework\v4.0' == ''))(으)로 확인되었습니다.
"bgAPP.vcxproj" 프로젝트에 "GetReferenceAssemblyPaths" 대상을 빌드했습니다.: (대상 ID:13)
"C:\repository\bgAPP\p3\bgAPP\bgAPP\bgAPP.vcxproj" 프로젝트의 "C:\Program Files\MSBuild\Microsoft.Cpp\v4.0\Microsoft.CppBuild.targets" 파일에 있는 "PrepareForBuild: (대상 ID:14)" 대상("Build" 대상이 종속됨):
조건이 잘못되어 "VCMessage" 작업을 건너뜁니다. ('$(DesignTimeBuild)'!='true' and '$(ConfigurationPlatformExists)' != 'true')이(가) (''!='true' and 'true' != 'true')(으)로 확인되었습니다.
"Microsoft.Build.Tasks.v4.0, Version=4.0.0.0, Culture=neutral, PublicKeyToken=b03f5f7f11d50a3a" 어셈블리에서 "MakeDir" 작업을 사용합니다.
"MakeDir" 작업(작업 ID:8)
"MakeDir" 작업을 실행했습니다.(작업 ID:8)
조건이 잘못되어 "VCMessage" 작업을 건너뜁니다. ('$(DesignTimeBuild)'!='true' and '$(VCInstallDir)'=='' and '$(UseEnv)' != 'true' and ($(TargetFrameworkVersion)=='v3.5' or $(TargetFrameworkVersion)=='v3.0' or $(TargetFrameworkVersion)=='v2.0' ))이(가) (''!='true' and 'c:\Program Files\Microsoft Visual Studio 10.0\VC\'=='' and '' != 'true' and (v4.0=='v3.5' or v4.0=='v3.0' or v4.0=='v2.0' ))(으)로 확인되었습니다.
조건이 잘못되어 "VCMessage" 작업을 건너뜁니다. ('$(DesignTimeBuild)'!='true' and '$(VCInstallDir)'=='' and '$(UseEnv)' != 'true' and '$(PlatformToolset)'=='v90')이(가) (''!='true' and 'c:\Program Files\Microsoft Visual Studio 10.0\VC\'=='' and '' != 'true' and 'v100'=='v90')(으)로 확인되었습니다.
조건이 잘못되어 "VCMessage" 작업을 건너뜁니다. ('$(VCInstallDir)'=='' and '$(UseEnv)' != 'true')이(가) ('c:\Program Files\Microsoft Visual Studio 10.0\VC\'=='' and '' != 'true')(으)로 확인되었습니다.
조건이 잘못되어 "VCMessage" 작업을 건너뜁니다. ('$(WindowsSDKDir)'=='' and '$(UseEnv)' != 'true')이(가) ('C:\Program Files\Microsoft SDKs\Windows\v7.0A\'=='' and '' != 'true')(으)로 확인되었습니다.
조건이 잘못되어 "VCMessage" 작업을 건너뜁니다. ('$(IntDirTrailingSlashWarning)'=='true')이(가) (''=='true')(으)로 확인되었습니다.
조건이 잘못되어 "VCMessage" 작업을 건너뜁니다. ('$(OutDirTrailingSlashWarning)'=='true')이(가) (''=='true')(으)로 확인되었습니다.
"MakeDir" 작업(작업 ID:9)
"MakeDir" 작업을 실행했습니다.(작업 ID:9)
"bgAPP.vcxproj" 프로젝트에 "PrepareForBuild" 대상을 빌드했습니다.: (대상 ID:14)
"PrepareForBuild" 대상을 건너뜁니다. 이전에 빌드되었습니다.
"C:\repository\bgAPP\p3\bgAPP\bgAPP\bgAPP.vcxproj" 프로젝트의 "C:\Program Files\MSBuild\Microsoft.Cpp\v4.0\Microsoft.CppBuild.targets" 파일에 있는 "InitializeBuildStatus: (대상 ID:15)" 대상("Build" 대상이 종속됨):
"Microsoft.Build.Tasks.v4.0, Version=4.0.0.0, Culture=neutral, PublicKeyToken=b03f5f7f11d50a3a" 어셈블리에서 "ReadLinesFromFile" 작업을 사용합니다.
"ReadLinesFromFile" 작업(작업 ID:10)
"ReadLinesFromFile" 작업을 실행했습니다.(작업 ID:10)
"Microsoft.Build.Tasks.v4.0, Version=4.0.0.0, Culture=neutral, PublicKeyToken=b03f5f7f11d50a3a" 어셈블리에서 "WriteLinesToFile" 작업을 사용합니다.
"WriteLinesToFile" 작업(작업 ID:11)
"WriteLinesToFile" 작업을 실행했습니다.(작업 ID:11)
"Microsoft.Build.Tasks.v4.0, Version=4.0.0.0, Culture=neutral, PublicKeyToken=b03f5f7f11d50a3a" 어셈블리에서 "Touch" 작업을 사용합니다.
"Touch" 작업(작업 ID:12)
  "AlwaysCreate"이(가) 지정되었기 때문에 "Debug\bgAPP.unsuccessfulbuild"을(를) 만들고 있습니다.(작업 ID:12)
"Touch" 작업을 실행했습니다.(작업 ID:12)
"bgAPP.vcxproj" 프로젝트에 "InitializeBuildStatus" 대상을 빌드했습니다.: (대상 ID:15)
조건이 잘못되어 "AssignProjectConfiguration" 대상을 건너뜁니다. ('@(ProjectReference)'!='')이(가) (''!='')(으)로 확인되었습니다.
"_SplitProjectReferencesByFileExistence" 대상을 건너뜁니다. 이전에 빌드되었습니다.
"C:\repository\bgAPP\p3\bgAPP\bgAPP\bgAPP.vcxproj" 프로젝트의 "c:\Windows\Microsoft.NET\Framework\v4.0.30319\Microsoft.Common.Targets" 파일에 있는 "BuildGenerateSourcesTraverse: (대상 ID:16)" 대상("BuildGenerateSources" 대상이 종속됨):
조건이 잘못되어 "MSBuild" 작업을 건너뜁니다. ('$(BuildPassReferences)' == 'true' and '@(ProjectReferenceWithConfiguration)' != '' and '@(_MSBuildProjectReferenceExistent)' != '' and '%(_MSBuildProjectReferenceExistent.BuildReference)' == 'true')이(가) ('' == 'true' and '' != '' and '' != '' and '' == 'true')(으)로 확인되었습니다.
"bgAPP.vcxproj" 프로젝트에 "BuildGenerateSourcesTraverse" 대상을 빌드했습니다.: (대상 ID:16)
"SetBuildDefaultEnvironmentVariables" 대상을 건너뜁니다. 이전에 빌드되었습니다.
조건이 잘못되어 "SetUserMacroEnvironmentVariables" 대상을 건너뜁니다. ('@(BuildMacro)' != '')이(가) ('' != '')(으)로 확인되었습니다.
"PrepareForBuild" 대상을 건너뜁니다. 이전에 빌드되었습니다.
"ResolveReferences" 대상을 건너뜁니다. 이전에 빌드되었습니다.
"C:\repository\bgAPP\p3\bgAPP\bgAPP\bgAPP.vcxproj" 프로젝트의 "C:\Program Files\MSBuild\Microsoft.Cpp\v4.0\Microsoft.BuildSteps.Targets" 파일에 있는 "BeforeBuildGenerateSources: (대상 ID:17)" 대상("BuildGenerateSources" 대상이 종속됨):
"bgAPP.vcxproj" 프로젝트에 "BeforeBuildGenerateSources" 대상을 빌드했습니다.: (대상 ID:17)
"C:\repository\bgAPP\p3\bgAPP\bgAPP\bgAPP.vcxproj" 프로젝트의 "C:\Program Files\MSBuild\Microsoft.Cpp\v4.0\Microsoft.CppCommon.targets" 파일에 있는 "PreBuildEvent: (대상 ID:18)" 대상("BuildGenerateSources" 대상이 종속됨):
조건이 잘못되어 "Message" 작업을 건너뜁니다. ('%(PreBuildEvent.Message)' != '' and '%(PreBuildEvent.Command)' != '')이(가) ('' != '' and '' != '')(으)로 확인되었습니다.
조건이 잘못되어 "Exec" 작업을 건너뜁니다. ('%(PreBuildEvent.Command)' != '')이(가) ('' != '')(으)로 확인되었습니다.
"bgAPP.vcxproj" 프로젝트에 "PreBuildEvent" 대상을 빌드했습니다.: (대상 ID:18)
조건이 잘못되어 "CustomBuild" 대상을 건너뜁니다. ('@(CustomBuild)' != '')이(가) ('' != '')(으)로 확인되었습니다.
"C:\repository\bgAPP\p3\bgAPP\bgAPP\bgAPP.vcxproj" 프로젝트의 "C:\Program Files\MSBuild\Microsoft.Cpp\v4.0\Microsoft.CppBuild.targets" 파일에 있는 "_GenerateXMLData: (대상 ID:19)" 대상("BuildGenerateSources" 대상이 종속됨):
"bgAPP.vcxproj" 프로젝트에 "_GenerateXMLData" 대상을 빌드했습니다.: (대상 ID:19)
"C:\repository\bgAPP\p3\bgAPP\bgAPP\bgAPP.vcxproj" 프로젝트의 "C:\Program Files\MSBuild\Microsoft.Cpp\v4.0\Microsoft.CppBuild.targets" 파일에 있는 "_GenerateWebServiceProxy: (대상 ID:20)" 대상("BuildGenerateSources" 대상이 종속됨):
"bgAPP.vcxproj" 프로젝트에 "_GenerateWebServiceProxy" 대상을 빌드했습니다.: (대상 ID:20)
조건이 잘못되어 "Xsd" 대상을 건너뜁니다. ('@(Xsd)' != '')이(가) ('' != '')(으)로 확인되었습니다.
"C:\repository\bgAPP\p3\bgAPP\bgAPP\bgAPP.vcxproj" 프로젝트의 "C:\Program Files\MSBuild\Microsoft.Cpp\v4.0\Microsoft.CppBuild.targets" 파일에 있는 "_Xsd: (대상 ID:21)" 대상("BuildGenerateSources" 대상이 종속됨):
"bgAPP.vcxproj" 프로젝트에 "_Xsd" 대상을 빌드했습니다.: (대상 ID:21)
"C:\repository\bgAPP\p3\bgAPP\bgAPP\bgAPP.vcxproj" 프로젝트의 "C:\Program Files\MSBuild\Microsoft.Cpp\v4.0\Microsoft.CppBuild.targets" 파일에 있는 "MakeDirsForMidl: (대상 ID:22)" 대상("_Midl" 대상이 종속됨):
"Makedir" 작업(작업 ID:13)
"Makedir" 작업을 실행했습니다.(작업 ID:13)
"bgAPP.vcxproj" 프로젝트에 "MakeDirsForMidl" 대상을 빌드했습니다.: (대상 ID:22)
조건이 잘못되어 "Midl" 대상을 건너뜁니다. ('@(Midl)' != '')이(가) ('' != '')(으)로 확인되었습니다.
조건이 잘못되어 "CustomBuild" 대상을 건너뜁니다. ('@(CustomBuild)' != '')이(가) ('' != '')(으)로 확인되었습니다.
"C:\repository\bgAPP\p3\bgAPP\bgAPP\bgAPP.vcxproj" 프로젝트의 "C:\Program Files\MSBuild\Microsoft.Cpp\v4.0\Microsoft.CppBuild.targets" 파일에 있는 "ComputeMIDLGeneratedCompileInputs: (대상 ID:23)" 대상("_Midl" 대상이 종속됨):
"bgAPP.vcxproj" 프로젝트에 "ComputeMIDLGeneratedCompileInputs" 대상을 빌드했습니다.: (대상 ID:23)
"C:\repository\bgAPP\p3\bgAPP\bgAPP\bgAPP.vcxproj" 프로젝트의 "C:\Program Files\MSBuild\Microsoft.Cpp\v4.0\Microsoft.CppBuild.targets" 파일에 있는 "AfterMidl: (대상 ID:24)" 대상("_Midl" 대상이 종속됨):
"bgAPP.vcxproj" 프로젝트에 "AfterMidl" 대상을 빌드했습니다.: (대상 ID:24)
"C:\repository\bgAPP\p3\bgAPP\bgAPP\bgAPP.vcxproj" 프로젝트의 "C:\Program Files\MSBuild\Microsoft.Cpp\v4.0\Microsoft.CppBuild.targets" 파일에 있는 "_Midl: (대상 ID:25)" 대상("BuildGenerateSources" 대상이 종속됨):
"bgAPP.vcxproj" 프로젝트에 "_Midl" 대상을 빌드했습니다.: (대상 ID:25)
"C:\repository\bgAPP\p3\bgAPP\bgAPP\bgAPP.vcxproj" 프로젝트의 "C:\Program Files\MSBuild\Microsoft.Cpp\v4.0\Microsoft.BuildSteps.Targets" 파일에 있는 "AfterBuildGenerateSources: (대상 ID:26)" 대상("BuildGenerateSources" 대상이 종속됨):
"bgAPP.vcxproj" 프로젝트에 "AfterBuildGenerateSources" 대상을 빌드했습니다.: (대상 ID:26)
"C:\repository\bgAPP\p3\bgAPP\bgAPP\bgAPP.vcxproj" 프로젝트의 "C:\Program Files\MSBuild\Microsoft.Cpp\v4.0\Microsoft.CppBuild.targets" 파일에 있는 "AfterBuildGenerateSourcesEvent: (대상 ID:27)" 대상("BuildGenerateSources" 대상이 종속됨):
"bgAPP.vcxproj" 프로젝트에 "AfterBuildGenerateSourcesEvent" 대상을 빌드했습니다.: (대상 ID:27)
"C:\repository\bgAPP\p3\bgAPP\bgAPP\bgAPP.vcxproj" 프로젝트의 "c:\Windows\Microsoft.NET\Framework\v4.0.30319\Microsoft.Common.Targets" 파일에 있는 "BuildGenerateSources: (대상 ID:28)" 대상("Build" 대상이 종속됨):
"bgAPP.vcxproj" 프로젝트에 "BuildGenerateSources" 대상을 빌드했습니다.: (대상 ID:28)
조건이 잘못되어 "AssignProjectConfiguration" 대상을 건너뜁니다. ('@(ProjectReference)'!='')이(가) (''!='')(으)로 확인되었습니다.
"_SplitProjectReferencesByFileExistence" 대상을 건너뜁니다. 이전에 빌드되었습니다.
"C:\repository\bgAPP\p3\bgAPP\bgAPP\bgAPP.vcxproj" 프로젝트의 "c:\Windows\Microsoft.NET\Framework\v4.0.30319\Microsoft.Common.Targets" 파일에 있는 "BuildCompileTraverse: (대상 ID:29)" 대상("BuildCompile" 대상이 종속됨):
조건이 잘못되어 "MSBuild" 작업을 건너뜁니다. ('$(BuildPassReferences)' == 'true' and '@(ProjectReferenceWithConfiguration)' != '' and '@(_MSBuildProjectReferenceExistent)' != ''  and '%(_MSBuildProjectReferenceExistent.BuildReference)' == 'true')이(가) ('' == 'true' and '' != '' and '' != ''  and '' == 'true')(으)로 확인되었습니다.
"bgAPP.vcxproj" 프로젝트에 "BuildCompileTraverse" 대상을 빌드했습니다.: (대상 ID:29)
"SetBuildDefaultEnvironmentVariables" 대상을 건너뜁니다. 이전에 빌드되었습니다.
조건이 잘못되어 "SetUserMacroEnvironmentVariables" 대상을 건너뜁니다. ('@(BuildMacro)' != '')이(가) ('' != '')(으)로 확인되었습니다.
"PrepareForBuild" 대상을 건너뜁니다. 이전에 빌드되었습니다.
"ResolveReferences" 대상을 건너뜁니다. 이전에 빌드되었습니다.
"C:\repository\bgAPP\p3\bgAPP\bgAPP\bgAPP.vcxproj" 프로젝트의 "C:\Program Files\MSBuild\Microsoft.Cpp\v4.0\Microsoft.CppBuild.targets" 파일에 있는 "BeforeClCompile: (대상 ID:30)" 대상("_ClCompile" 대상이 종속됨):
"bgAPP.vcxproj" 프로젝트에 "BeforeClCompile" 대상을 빌드했습니다.: (대상 ID:30)
"ComputeMIDLGeneratedCompileInputs" 대상을 건너뜁니다. 이전에 빌드되었습니다.
"C:\repository\bgAPP\p3\bgAPP\bgAPP\bgAPP.vcxproj" 프로젝트의 "C:\Program Files\MSBuild\Microsoft.Cpp\v4.0\Microsoft.CppBuild.targets" 파일에 있는 "ComputeCLInputPDBName: (대상 ID:31)" 대상("_ClCompile" 대상이 종속됨):
"bgAPP.vcxproj" 프로젝트에 "ComputeCLInputPDBName" 대상을 빌드했습니다.: (대상 ID:31)
"ResolveReferences" 대상을 건너뜁니다. 이전에 빌드되었습니다.
"C:\repository\bgAPP\p3\bgAPP\bgAPP\bgAPP.vcxproj" 프로젝트의 "C:\Program Files\MSBuild\Microsoft.Cpp\v4.0\Microsoft.CppBuild.targets" 파일에 있는 "ComputeReferenceCLInput: (대상 ID:32)" 대상("_ClCompile" 대상이 종속됨):
조건이 잘못되어 "WriteLinesToFile" 작업을 건너뜁니다. (('@(ProjectReference)'!='' or '@(Reference)'!=''))이(가) ((''!='' or ''!=''))(으)로 확인되었습니다.
조건이 잘못되어 "Message" 작업을 건너뜁니다. ('$(_REFERENCE_DEBUG)'=='true' and '%(ClCompile.CompileAsManaged)' != 'false' and '%(ClCompile.CompileAsManaged)' != '')이(가) (''=='true' and '' != 'false' and '' != '')(으)로 확인되었습니다.
"bgAPP.vcxproj" 프로젝트에 "ComputeReferenceCLInput" 대상을 빌드했습니다.: (대상 ID:32)
"C:\repository\bgAPP\p3\bgAPP\bgAPP\bgAPP.vcxproj" 프로젝트의 "C:\Program Files\MSBuild\Microsoft.Cpp\v4.0\Microsoft.CppBuild.targets" 파일에 있는 "MakeDirsForCl: (대상 ID:33)" 대상("_ClCompile" 대상이 종속됨):
"MakeDir" 작업(작업 ID:14)
"MakeDir" 작업을 실행했습니다.(작업 ID:14)
"bgAPP.vcxproj" 프로젝트에 "MakeDirsForCl" 대상을 빌드했습니다.: (대상 ID:33)
"PrepareForBuild" 대상을 건너뜁니다. 이전에 빌드되었습니다.
"SetBuildDefaultEnvironmentVariables" 대상을 건너뜁니다. 이전에 빌드되었습니다.
조건이 잘못되어 "SetUserMacroEnvironmentVariables" 대상을 건너뜁니다. ('@(BuildMacro)' != '')이(가) ('' != '')(으)로 확인되었습니다.
"C:\repository\bgAPP\p3\bgAPP\bgAPP\bgAPP.vcxproj" 프로젝트의 "C:\Program Files\MSBuild\Microsoft.Cpp\v4.0\Microsoft.CppBuild.targets" 파일에 있는 "_SelectedFiles: (대상 ID:34)" 대상("SelectClCompile" 대상이 종속됨):
"bgAPP.vcxproj" 프로젝트에 "_SelectedFiles" 대상을 빌드했습니다.: (대상 ID:34)
"ComputeMIDLGeneratedCompileInputs" 대상을 건너뜁니다. 이전에 빌드되었습니다.
"ComputeCLInputPDBName" 대상을 건너뜁니다. 이전에 빌드되었습니다.
"ComputeReferenceCLInput" 대상을 건너뜁니다. 이전에 빌드되었습니다.
"_SelectedFiles" 대상을 건너뜁니다. 이전에 빌드되었습니다.
"C:\repository\bgAPP\p3\bgAPP\bgAPP\bgAPP.vcxproj" 프로젝트의 "C:\Program Files\MSBuild\Microsoft.Cpp\v4.0\Microsoft.CppBuild.targets" 파일에 있는 "SelectCustomBuild: (대상 ID:35)" 대상("SelectClCompile" 대상이 종속됨):
"bgAPP.vcxproj" 프로젝트에 "SelectCustomBuild" 대상을 빌드했습니다.: (대상 ID:35)
"C:\repository\bgAPP\p3\bgAPP\bgAPP\bgAPP.vcxproj" 프로젝트의 "C:\Program Files\MSBuild\Microsoft.Cpp\v4.0\Microsoft.CppBuild.targets" 파일에 있는 "SelectClCompile: (대상 ID:36)" 대상("ClCompile" 대상이 종속됨):
"bgAPP.vcxproj" 프로젝트에 "SelectClCompile" 대상을 빌드했습니다.: (대상 ID:36)
조건이 잘못되어 "GenerateTargetFrameworkMonikerAttribute" 대상을 건너뜁니다. ('$(GenerateTargetFrameworkAttribute)' == 'true')이(가) ('false' == 'true')(으)로 확인되었습니다.
"C:\repository\bgAPP\p3\bgAPP\bgAPP\bgAPP.vcxproj" 프로젝트의 "C:\Program Files\MSBuild\Microsoft.Cpp\v4.0\Platforms\Win32\Microsoft.Cpp.Win32.Targets" 파일에 있는 "ClCompile: (대상 ID:37)" 대상("_ClCompile" 대상이 종속됨):
조건이 잘못되어 "Delete" 작업을 건너뜁니다. ('%(ClCompile.DebugInformationFormat)' != '' and '%(ClCompile.DebugInformationFormat)' != 'OldStyle' and '%(ClCompile.ProgramDataBaseFileName)' != '' and !Exists(%(ClCompile.ProgramDataBaseFileName)))이(가) ('EditAndContinue' != '' and 'EditAndContinue' != 'OldStyle' and 'Debug\vc100.pdb' != '' and !Exists(Debug\vc100.pdb))(으)로 확인되었습니다.
조건이 잘못되어 "CL" 작업을 건너뜁니다. ('%(ClCompile.PrecompiledHeader)' == 'Create' and '%(ClCompile.ExcludedFromBuild)'!='true')이(가) ('' == 'Create' and ''!='true')(으)로 확인되었습니다.
"Microsoft.Build.CppTasks.Win32, Version=4.0.0.0, Culture=neutral, PublicKeyToken=b03f5f7f11d50a3a" 어셈블리에서 "CL" 작업을 사용합니다.
"CL" 작업(작업 ID:15)
  다음에서 빌드된 캐시된 입력 종속성 테이블 사용:(작업 ID:15)
  	C:\repository\bgAPP\p3\bgAPP\bgAPP\Debug\cl.read.1.tlog(작업 ID:15)
  C:\REPOSITORY\BGAPP\P3\BGAPP\BGAPP\BGAPP.CPP에 대한 출력:(작업 ID:15)
  	C:\REPOSITORY\BGAPP\P3\BGAPP\BGAPP\DEBUG\BGAPP.OBJ(작업 ID:15)
  모든 출력이 최신 상태입니다.(작업 ID:15)
"CL" 작업을 실행했습니다.(작업 ID:15)
"bgAPP.vcxproj" 프로젝트에 "ClCompile" 대상을 빌드했습니다.: (대상 ID:37)
"C:\repository\bgAPP\p3\bgAPP\bgAPP\bgAPP.vcxproj" 프로젝트의 "C:\Program Files\MSBuild\Microsoft.Cpp\v4.0\Microsoft.CppBuild.targets" 파일에 있는 "AfterClCompile: (대상 ID:38)" 대상("_ClCompile" 대상이 종속됨):
"bgAPP.vcxproj" 프로젝트에 "AfterClCompile" 대상을 빌드했습니다.: (대상 ID:38)
"C:\repository\bgAPP\p3\bgAPP\bgAPP\bgAPP.vcxproj" 프로젝트의 "C:\Program Files\MSBuild\Microsoft.Cpp\v4.0\Microsoft.CppBuild.targets" 파일에 있는 "_ClCompile: (대상 ID:39)" 대상("BuildCompile" 대상이 종속됨):
"bgAPP.vcxproj" 프로젝트에 "_ClCompile" 대상을 빌드했습니다.: (대상 ID:39)
조건이 잘못되어 "_ResGen" 대상을 건너뜁니다. ('@(EmbeddedResource)'!='')이(가) (''!='')(으)로 확인되었습니다.
"C:\repository\bgAPP\p3\bgAPP\bgAPP\bgAPP.vcxproj" 프로젝트의 "C:\Program Files\MSBuild\Microsoft.Cpp\v4.0\Microsoft.CppBuild.targets" 파일에 있는 "BeforeResourceCompile: (대상 ID:40)" 대상("_ResourceCompile" 대상이 종속됨):
"bgAPP.vcxproj" 프로젝트에 "BeforeResourceCompile" 대상을 빌드했습니다.: (대상 ID:40)
"C:\repository\bgAPP\p3\bgAPP\bgAPP\bgAPP.vcxproj" 프로젝트의 "C:\Program Files\MSBuild\Microsoft.Cpp\v4.0\Microsoft.CppBuild.targets" 파일에 있는 "MakeDirsForResourceCompile: (대상 ID:41)" 대상("_ResourceCompile" 대상이 종속됨):
"MakeDir" 작업(작업 ID:16)
"MakeDir" 작업을 실행했습니다.(작업 ID:16)
"bgAPP.vcxproj" 프로젝트에 "MakeDirsForResourceCompile" 대상을 빌드했습니다.: (대상 ID:41)
조건이 잘못되어 "ResourceCompile" 대상을 건너뜁니다. ('@(ResourceCompile)' != '')이(가) ('' != '')(으)로 확인되었습니다.
"C:\repository\bgAPP\p3\bgAPP\bgAPP\bgAPP.vcxproj" 프로젝트의 "C:\Program Files\MSBuild\Microsoft.Cpp\v4.0\Microsoft.CppBuild.targets" 파일에 있는 "AfterResourceCompile: (대상 ID:42)" 대상("_ResourceCompile" 대상이 종속됨):
"bgAPP.vcxproj" 프로젝트에 "AfterResourceCompile" 대상을 빌드했습니다.: (대상 ID:42)
"C:\repository\bgAPP\p3\bgAPP\bgAPP\bgAPP.vcxproj" 프로젝트의 "C:\Program Files\MSBuild\Microsoft.Cpp\v4.0\Microsoft.CppBuild.targets" 파일에 있는 "_ResourceCompile: (대상 ID:43)" 대상("BuildCompile" 대상이 종속됨):
"bgAPP.vcxproj" 프로젝트에 "_ResourceCompile" 대상을 빌드했습니다.: (대상 ID:43)
조건이 잘못되어 "_ImpLib" 대상을 건너뜁니다. ('$(ImpLibCompiled)' == 'true')이(가) ('' == 'true')(으)로 확인되었습니다.
조건이 잘못되어 "_Lib" 대상을 건너뜁니다. ('$(LibCompiled)' == 'true')이(가) ('' == 'true')(으)로 확인되었습니다.
"C:\repository\bgAPP\p3\bgAPP\bgAPP\bgAPP.vcxproj" 프로젝트의 "C:\Program Files\MSBuild\Microsoft.Cpp\v4.0\Microsoft.CppBuild.targets" 파일에 있는 "AfterBuildCompileEvent: (대상 ID:44)" 대상("BuildCompile" 대상이 종속됨):
"bgAPP.vcxproj" 프로젝트에 "AfterBuildCompileEvent" 대상을 빌드했습니다.: (대상 ID:44)
"C:\repository\bgAPP\p3\bgAPP\bgAPP\bgAPP.vcxproj" 프로젝트의 "c:\Windows\Microsoft.NET\Framework\v4.0.30319\Microsoft.Common.Targets" 파일에 있는 "BuildCompile: (대상 ID:45)" 대상("Build" 대상이 종속됨):
"bgAPP.vcxproj" 프로젝트에 "BuildCompile" 대상을 빌드했습니다.: (대상 ID:45)
조건이 잘못되어 "AssignProjectConfiguration" 대상을 건너뜁니다. ('@(ProjectReference)'!='')이(가) (''!='')(으)로 확인되었습니다.
"_SplitProjectReferencesByFileExistence" 대상을 건너뜁니다. 이전에 빌드되었습니다.
"C:\repository\bgAPP\p3\bgAPP\bgAPP\bgAPP.vcxproj" 프로젝트의 "c:\Windows\Microsoft.NET\Framework\v4.0.30319\Microsoft.Common.Targets" 파일에 있는 "BuildLinkTraverse: (대상 ID:46)" 대상("BuildLink" 대상이 종속됨):
조건이 잘못되어 "MSBuild" 작업을 건너뜁니다. ('$(BuildPassReferences)' == 'true' and '@(ProjectReferenceWithConfiguration)' != '' and '@(_MSBuildProjectReferenceExistent)' != ''  and '%(_MSBuildProjectReferenceExistent.BuildReference)' == 'true')이(가) ('' == 'true' and '' != '' and '' != ''  and '' == 'true')(으)로 확인되었습니다.
"bgAPP.vcxproj" 프로젝트에 "BuildLinkTraverse" 대상을 빌드했습니다.: (대상 ID:46)
"SetBuildDefaultEnvironmentVariables" 대상을 건너뜁니다. 이전에 빌드되었습니다.
조건이 잘못되어 "SetUserMacroEnvironmentVariables" 대상을 건너뜁니다. ('@(BuildMacro)' != '')이(가) ('' != '')(으)로 확인되었습니다.
"PrepareForBuild" 대상을 건너뜁니다. 이전에 빌드되었습니다.
"ResolveReferences" 대상을 건너뜁니다. 이전에 빌드되었습니다.
"C:\repository\bgAPP\p3\bgAPP\bgAPP\bgAPP.vcxproj" 프로젝트의 "C:\Program Files\MSBuild\Microsoft.Cpp\v4.0\Microsoft.CppBuild.targets" 파일에 있는 "BeforeLink: (대상 ID:47)" 대상("_Link" 대상이 종속됨):
"bgAPP.vcxproj" 프로젝트에 "BeforeLink" 대상을 빌드했습니다.: (대상 ID:47)
"C:\repository\bgAPP\p3\bgAPP\bgAPP\bgAPP.vcxproj" 프로젝트의 "C:\Program Files\MSBuild\Microsoft.Cpp\v4.0\Microsoft.CppBuild.targets" 파일에 있는 "ComputeRCOutputs: (대상 ID:48)" 대상("ComputeRCGeneratedLinkInputs" 대상이 종속됨):
"bgAPP.vcxproj" 프로젝트에 "ComputeRCOutputs" 대상을 빌드했습니다.: (대상 ID:48)
"C:\repository\bgAPP\p3\bgAPP\bgAPP\bgAPP.vcxproj" 프로젝트의 "C:\Program Files\MSBuild\Microsoft.Cpp\v4.0\Microsoft.CppBuild.targets" 파일에 있는 "ComputeRCGeneratedLinkInputs: (대상 ID:49)" 대상("_Link" 대상이 종속됨):
"bgAPP.vcxproj" 프로젝트에 "ComputeRCGeneratedLinkInputs" 대상을 빌드했습니다.: (대상 ID:49)
"C:\repository\bgAPP\p3\bgAPP\bgAPP\bgAPP.vcxproj" 프로젝트의 "C:\Program Files\MSBuild\Microsoft.Cpp\v4.0\Microsoft.CppBuild.targets" 파일에 있는 "ComputeManifestGeneratedLinkerInputs: (대상 ID:50)" 대상("_Link" 대상이 종속됨):
"bgAPP.vcxproj" 프로젝트에 "ComputeManifestGeneratedLinkerInputs" 대상을 빌드했습니다.: (대상 ID:50)
"C:\repository\bgAPP\p3\bgAPP\bgAPP\bgAPP.vcxproj" 프로젝트의 "C:\Program Files\MSBuild\Microsoft.Cpp\v4.0\Microsoft.CppBuild.targets" 파일에 있는 "ComputeCustomBuildOutput: (대상 ID:51)" 대상("_Link" 대상이 종속됨):
"MakeDir" 작업(작업 ID:17)
"MakeDir" 작업을 실행했습니다.(작업 ID:17)
"bgAPP.vcxproj" 프로젝트에 "ComputeCustomBuildOutput" 대상을 빌드했습니다.: (대상 ID:51)
"ComputeMIDLGeneratedCompileInputs" 대상을 건너뜁니다. 이전에 빌드되었습니다.
"ComputeCLInputPDBName" 대상을 건너뜁니다. 이전에 빌드되었습니다.
"ComputeReferenceCLInput" 대상을 건너뜁니다. 이전에 빌드되었습니다.
"C:\repository\bgAPP\p3\bgAPP\bgAPP\bgAPP.vcxproj" 프로젝트의 "C:\Program Files\MSBuild\Microsoft.Cpp\v4.0\Microsoft.CppBuild.targets" 파일에 있는 "ComputeCLOutputs: (대상 ID:52)" 대상("ComputeCLGeneratedLinkInputs" 대상이 종속됨):
"bgAPP.vcxproj" 프로젝트에 "ComputeCLOutputs" 대상을 빌드했습니다.: (대상 ID:52)
"C:\repository\bgAPP\p3\bgAPP\bgAPP\bgAPP.vcxproj" 프로젝트의 "C:\Program Files\MSBuild\Microsoft.Cpp\v4.0\Microsoft.CppBuild.targets" 파일에 있는 "ComputeCLGeneratedLinkInputs: (대상 ID:53)" 대상("_Link" 대상이 종속됨):
"bgAPP.vcxproj" 프로젝트에 "ComputeCLGeneratedLinkInputs" 대상을 빌드했습니다.: (대상 ID:53)
"C:\repository\bgAPP\p3\bgAPP\bgAPP\bgAPP.vcxproj" 프로젝트의 "C:\Program Files\MSBuild\Microsoft.Cpp\v4.0\Microsoft.CppBuild.targets" 파일에 있는 "ComputeLinkInputsFromProject: (대상 ID:54)" 대상("_Link" 대상이 종속됨):
"bgAPP.vcxproj" 프로젝트에 "ComputeLinkInputsFromProject" 대상을 빌드했습니다.: (대상 ID:54)
조건이 잘못되어 "ComputeReferenceLinkInputs" 대상을 건너뜁니다. (@(ProjectReference) != '')이(가) ( != '')(으)로 확인되었습니다.
"C:\repository\bgAPP\p3\bgAPP\bgAPP\bgAPP.vcxproj" 프로젝트의 "C:\Program Files\MSBuild\Microsoft.Cpp\v4.0\Microsoft.CppBuild.targets" 파일에 있는 "ComputeManifestInputsTargets: (대상 ID:55)" 대상("_Link" 대상이 종속됨):
"bgAPP.vcxproj" 프로젝트에 "ComputeManifestInputsTargets" 대상을 빌드했습니다.: (대상 ID:55)
"C:\repository\bgAPP\p3\bgAPP\bgAPP\bgAPP.vcxproj" 프로젝트의 "C:\Program Files\MSBuild\Microsoft.Cpp\v4.0\Microsoft.CppCommon.targets" 파일에 있는 "ManifestResourceCompile: (대상 ID:56)" 대상("_Link" 대상이 종속됨):
조건이 잘못되어 "WriteLinesToFile" 작업을 건너뜁니다. (!EXISTS('$(InputManifest)'))이(가) (!EXISTS('Debug\\bgAPP.exe.embed.manifest'))(으)로 확인되었습니다.
조건이 잘못되어 "WriteLinesToFile" 작업을 건너뜁니다. ('$(ConfigurationType)'=='Application' AND !EXISTS('@(ManifestResourceCompile)'))이(가) ('Application'=='Application' AND !EXISTS('Debug\bgAPP_manifest.rc'))(으)로 확인되었습니다.
조건이 잘못되어 "WriteLinesToFile" 작업을 건너뜁니다. ('$(ConfigurationType)'=='DynamicLibrary' AND !EXISTS('@(ManifestResourceCompile)'))이(가) ('Application'=='DynamicLibrary' AND !EXISTS('Debug\bgAPP_manifest.rc'))(으)로 확인되었습니다.
"Microsoft.Build.CppTasks.Common, Version=4.0.0.0, Culture=neutral, PublicKeyToken=b03f5f7f11d50a3a" 어셈블리에서 "RC" 작업을 사용합니다.
"RC" 작업(작업 ID:18)
  다음에서 빌드된 캐시된 출력 종속성 테이블 사용:(작업 ID:18)
  	C:\repository\bgAPP\p3\bgAPP\bgAPP\Debug\rc.write.1.tlog(작업 ID:18)
  다음에서 빌드된 캐시된 입력 종속성 테이블 사용:(작업 ID:18)
  	C:\repository\bgAPP\p3\bgAPP\bgAPP\Debug\rc.read.1.tlog(작업 ID:18)
  C:\REPOSITORY\BGAPP\P3\BGAPP\BGAPP\DEBUG\BGAPP_MANIFEST.RC에 대한 출력:(작업 ID:18)
  	C:\REPOSITORY\BGAPP\P3\BGAPP\BGAPP\DEBUG\BGAPP.EXE.EMBED.MANIFEST.RES(작업 ID:18)
  모든 출력이 최신 상태입니다.(작업 ID:18)
"RC" 작업을 실행했습니다.(작업 ID:18)
"bgAPP.vcxproj" 프로젝트에 "ManifestResourceCompile" 대상을 빌드했습니다.: (대상 ID:56)
조건이 잘못되어 "AssignWinFXEmbeddedResource" 대상을 건너뜁니다. ('@(WinFXEmbeddedResource)' != '')이(가) ('' != '')(으)로 확인되었습니다.
"C:\repository\bgAPP\p3\bgAPP\bgAPP\bgAPP.vcxproj" 프로젝트의 "c:\Windows\Microsoft.NET\Framework\v4.0.30319\Microsoft.Common.Targets" 파일에 있는 "AssignTargetPaths: (대상 ID:57)" 대상("PrepareResourceNames" 대상이 종속됨):
"Microsoft.Build.Tasks.v4.0, Version=4.0.0.0, Culture=neutral, PublicKeyToken=b03f5f7f11d50a3a" 어셈블리에서 "AssignTargetPath" 작업을 사용합니다.
"AssignTargetPath" 작업(작업 ID:19)
"AssignTargetPath" 작업을 실행했습니다.(작업 ID:19)
"AssignTargetPath" 작업(작업 ID:20)
"AssignTargetPath" 작업을 실행했습니다.(작업 ID:20)
"AssignTargetPath" 작업(작업 ID:21)
"AssignTargetPath" 작업을 실행했습니다.(작업 ID:21)
"AssignTargetPath" 작업(작업 ID:22)
"AssignTargetPath" 작업을 실행했습니다.(작업 ID:22)
조건이 잘못되어 "AssignTargetPath" 작업을 건너뜁니다. ('@(_DeploymentBaseManifestWithTargetPath)'=='' and '%(None.Extension)'=='.manifest')이(가) (''=='' and ''=='.manifest')(으)로 확인되었습니다.
"bgAPP.vcxproj" 프로젝트에 "AssignTargetPaths" 대상을 빌드했습니다.: (대상 ID:57)
"AssignTargetPaths" 대상을 건너뜁니다. 이전에 빌드되었습니다.
"C:\repository\bgAPP\p3\bgAPP\bgAPP\bgAPP.vcxproj" 프로젝트의 "c:\Windows\Microsoft.NET\Framework\v4.0.30319\Microsoft.Common.Targets" 파일에 있는 "SplitResourcesByCulture: (대상 ID:58)" 대상("PrepareResourceNames" 대상이 종속됨):
조건이 잘못되어 "Warning" 작업을 건너뜁니다. ('@(ResxWithNoCulture)'!='')이(가) (''!='')(으)로 확인되었습니다.
조건이 잘못되어 "Warning" 작업을 건너뜁니다. ('@(ResxWithCulture)'!='')이(가) (''!='')(으)로 확인되었습니다.
조건이 잘못되어 "Warning" 작업을 건너뜁니다. ('@(NonResxWithCulture)'!='')이(가) (''!='')(으)로 확인되었습니다.
조건이 잘못되어 "Warning" 작업을 건너뜁니다. ('@(NonResxWithNoCulture)'!='')이(가) (''!='')(으)로 확인되었습니다.
"Microsoft.Build.Tasks.v4.0, Version=4.0.0.0, Culture=neutral, PublicKeyToken=b03f5f7f11d50a3a" 어셈블리에서 "AssignCulture" 작업을 사용합니다.
"AssignCulture" 작업(작업 ID:23)
"AssignCulture" 작업을 실행했습니다.(작업 ID:23)
"bgAPP.vcxproj" 프로젝트에 "SplitResourcesByCulture" 대상을 빌드했습니다.: (대상 ID:58)
조건이 잘못되어 "CreateManifestResourceNames" 대상을 건너뜁니다. ('@(EmbeddedResource)' != '')이(가) ('' != '')(으)로 확인되었습니다.
"C:\repository\bgAPP\p3\bgAPP\bgAPP\bgAPP.vcxproj" 프로젝트의 "c:\Windows\Microsoft.NET\Framework\v4.0.30319\Microsoft.Common.Targets" 파일에 있는 "CreateCustomManifestResourceNames: (대상 ID:59)" 대상("PrepareResourceNames" 대상이 종속됨):
"bgAPP.vcxproj" 프로젝트에 "CreateCustomManifestResourceNames" 대상을 빌드했습니다.: (대상 ID:59)
"C:\repository\bgAPP\p3\bgAPP\bgAPP\bgAPP.vcxproj" 프로젝트의 "c:\Windows\Microsoft.NET\Framework\v4.0.30319\Microsoft.Common.Targets" 파일에 있는 "PrepareResourceNames: (대상 ID:60)" 대상("_Link" 대상이 종속됨):
"bgAPP.vcxproj" 프로젝트에 "PrepareResourceNames" 대상을 빌드했습니다.: (대상 ID:60)
"C:\repository\bgAPP\p3\bgAPP\bgAPP\bgAPP.vcxproj" 프로젝트의 "C:\Program Files\MSBuild\Microsoft.Cpp\v4.0\Microsoft.CppBuild.targets" 파일에 있는 "MakeDirsForLink: (대상 ID:61)" 대상("_Link" 대상이 종속됨):
"MakeDir" 작업(작업 ID:24)
"MakeDir" 작업을 실행했습니다.(작업 ID:24)
"bgAPP.vcxproj" 프로젝트에 "MakeDirsForLink" 대상을 빌드했습니다.: (대상 ID:61)
"C:\repository\bgAPP\p3\bgAPP\bgAPP\bgAPP.vcxproj" 프로젝트의 "C:\Program Files\MSBuild\Microsoft.Cpp\v4.0\Microsoft.CppBuild.targets" 파일에 있는 "DoLinkOutputFilesMatch: (대상 ID:62)" 대상("_Link" 대상이 종속됨):
조건이 잘못되어 "VCMessage" 작업을 건너뜁니다. ('%(_OutputFileFromLink.FullPath)' != '$([System.IO.Path]::GetFullPath($(TargetPath)))')이(가) ('C:\repository\bgAPP\Debug\bgAPP.exe' != 'C:\repository\bgAPP\Debug\bgAPP.exe')(으)로 확인되었습니다.
조건이 잘못되어 "VCMessage" 작업을 건너뜁니다. ('%(_OutputFileFromLink.Extension)' != '$(TargetExt)')이(가) ('.exe' != '.exe')(으)로 확인되었습니다.
조건이 잘못되어 "VCMessage" 작업을 건너뜁니다. ('%(_OutputFileFromLink.Filename)' != '$(TargetName)')이(가) ('bgAPP' != 'bgAPP')(으)로 확인되었습니다.
"bgAPP.vcxproj" 프로젝트에 "DoLinkOutputFilesMatch" 대상을 빌드했습니다.: (대상 ID:62)
"C:\repository\bgAPP\p3\bgAPP\bgAPP\bgAPP.vcxproj" 프로젝트의 "C:\Program Files\MSBuild\Microsoft.Cpp\v4.0\Microsoft.CppCommon.targets" 파일에 있는 "PreLinkEvent: (대상 ID:63)" 대상("_Link" 대상이 종속됨):
조건이 잘못되어 "Message" 작업을 건너뜁니다. ('%(PreLinkEvent.Message)' != '' and '%(PreLinkEvent.Command)' != '')이(가) ('' != '' and '' != '')(으)로 확인되었습니다.
조건이 잘못되어 "Exec" 작업을 건너뜁니다. ('%(PreLinkEvent.Command)' != '')이(가) ('' != '')(으)로 확인되었습니다.
"bgAPP.vcxproj" 프로젝트에 "PreLinkEvent" 대상을 빌드했습니다.: (대상 ID:63)
"C:\repository\bgAPP\p3\bgAPP\bgAPP\bgAPP.vcxproj" 프로젝트의 "C:\Program Files\MSBuild\Microsoft.Cpp\v4.0\Platforms\Win32\Microsoft.Cpp.Win32.Targets" 파일에 있는 "Link: (대상 ID:64)" 대상("_Link" 대상이 종속됨):
"Microsoft.Build.CppTasks.Win32, Version=4.0.0.0, Culture=neutral, PublicKeyToken=b03f5f7f11d50a3a" 어셈블리에서 "Link" 작업을 사용합니다.
"Link" 작업(작업 ID:25)
  다음에서 빌드된 캐시된 출력 종속성 테이블 사용:(작업 ID:25)
  	C:\repository\bgAPP\p3\bgAPP\bgAPP\Debug\link.write.1.tlog(작업 ID:25)
  	C:\repository\bgAPP\p3\bgAPP\bgAPP\Debug\link.5944-cvtres.write.1.tlog(작업 ID:25)
  	C:\repository\bgAPP\p3\bgAPP\bgAPP\Debug\link.5944.write.1.tlog(작업 ID:25)
  	C:\repository\bgAPP\p3\bgAPP\bgAPP\Debug\link-cvtres.write.1.tlog(작업 ID:25)
  	C:\repository\bgAPP\p3\bgAPP\bgAPP\Debug\link.5944-cvtres.write.1.tlog(작업 ID:25)
  	C:\repository\bgAPP\p3\bgAPP\bgAPP\Debug\link-cvtres.write.1.tlog(작업 ID:25)
  다음에서 빌드된 캐시된 입력 종속성 테이블 사용:(작업 ID:25)
  	C:\repository\bgAPP\p3\bgAPP\bgAPP\Debug\link.read.1.tlog(작업 ID:25)
  	C:\repository\bgAPP\p3\bgAPP\bgAPP\Debug\link.5944-cvtres.read.1.tlog(작업 ID:25)
  	C:\repository\bgAPP\p3\bgAPP\bgAPP\Debug\link.5944.read.1.tlog(작업 ID:25)
  	C:\repository\bgAPP\p3\bgAPP\bgAPP\Debug\link-cvtres.read.1.tlog(작업 ID:25)
  	C:\repository\bgAPP\p3\bgAPP\bgAPP\Debug\link.5944-cvtres.read.1.tlog(작업 ID:25)
  	C:\repository\bgAPP\p3\bgAPP\bgAPP\Debug\link-cvtres.read.1.tlog(작업 ID:25)
  C:\REPOSITORY\BGAPP\P3\BGAPP\BGAPP\DEBUG\BGAPP.EXE.EMBED.MANIFEST.RES|C:\REPOSITORY\BGAPP\P3\BGAPP\BGAPP\DEBUG\BGAPP.OBJ에 대한 출력:(작업 ID:25)
  	C:\REPOSITORY\BGAPP\DEBUG\BGAPP.ILK(작업 ID:25)
  	C:\REPOSITORY\BGAPP\DEBUG\BGAPP.EXE(작업 ID:25)
  	C:\REPOSITORY\BGAPP\P3\BGAPP\BGAPP\DEBUG\BGAPP.EXE.INTERMEDIATE.MANIFEST(작업 ID:25)
  	C:\REPOSITORY\BGAPP\DEBUG\BGAPP.PDB(작업 ID:25)
  모든 출력이 최신 상태입니다.(작업 ID:25)
"Link" 작업을 실행했습니다.(작업 ID:25)
조건이 잘못되어 "Message" 작업을 건너뜁니다. ('$(EmbedManifestBy)' != 'LINK')이(가) ('LINK' != 'LINK')(으)로 확인되었습니다.
"bgAPP.vcxproj" 프로젝트에 "Link" 대상을 빌드했습니다.: (대상 ID:64)
"C:\repository\bgAPP\p3\bgAPP\bgAPP\bgAPP.vcxproj" 프로젝트의 "C:\Program Files\MSBuild\Microsoft.Cpp\v4.0\Microsoft.CppBuild.targets" 파일에 있는 "_DetermineManagedStateForLink: (대상 ID:65)" 대상("_Link" 대상이 종속됨):
"bgAPP.vcxproj" 프로젝트에 "_DetermineManagedStateForLink" 대상을 빌드했습니다.: (대상 ID:65)
조건이 잘못되어 "ComputeLinkImportLibraryOutputsForClean" 대상을 건너뜁니다. ('$(LinkSkippedExecution)' != 'true')이(가) ('True' != 'true')(으)로 확인되었습니다.
"C:\repository\bgAPP\p3\bgAPP\bgAPP\bgAPP.vcxproj" 프로젝트의 "C:\Program Files\MSBuild\Microsoft.Cpp\v4.0\Microsoft.CppBuild.targets" 파일에 있는 "AfterLink: (대상 ID:66)" 대상("_Link" 대상이 종속됨):
"bgAPP.vcxproj" 프로젝트에 "AfterLink" 대상을 빌드했습니다.: (대상 ID:66)
"C:\repository\bgAPP\p3\bgAPP\bgAPP\bgAPP.vcxproj" 프로젝트의 "C:\Program Files\MSBuild\Microsoft.Cpp\v4.0\Microsoft.CppBuild.targets" 파일에 있는 "_Link: (대상 ID:67)" 대상("BuildLink" 대상이 종속됨):
"bgAPP.vcxproj" 프로젝트에 "_Link" 대상을 빌드했습니다.: (대상 ID:67)
"C:\repository\bgAPP\p3\bgAPP\bgAPP\bgAPP.vcxproj" 프로젝트의 "C:\Program Files\MSBuild\Microsoft.Cpp\v4.0\Microsoft.CppBuild.targets" 파일에 있는 "_ALink: (대상 ID:68)" 대상("BuildLink" 대상이 종속됨):
"bgAPP.vcxproj" 프로젝트에 "_ALink" 대상을 빌드했습니다.: (대상 ID:68)
"ComputeManifestInputsTargets" 대상을 건너뜁니다. 이전에 빌드되었습니다.
"C:\repository\bgAPP\p3\bgAPP\bgAPP\bgAPP.vcxproj" 프로젝트의 "C:\Program Files\MSBuild\Microsoft.Cpp\v4.0\Microsoft.CppCommon.targets" 파일에 있는 "MakeDirsForManifest: (대상 ID:69)" 대상("Manifest" 대상이 종속됨):
"MakeDir" 작업(작업 ID:26)
"MakeDir" 작업을 실행했습니다.(작업 ID:26)
"bgAPP.vcxproj" 프로젝트에 "MakeDirsForManifest" 대상을 빌드했습니다.: (대상 ID:69)
"C:\repository\bgAPP\p3\bgAPP\bgAPP\bgAPP.vcxproj" 프로젝트의 "C:\Program Files\MSBuild\Microsoft.Cpp\v4.0\Microsoft.CppCommon.targets" 파일에 있는 "Manifest: (대상 ID:70)" 대상("_Manifest" 대상이 종속됨):
조건이 잘못되어 "Delete" 작업을 건너뜁니다. (('$(BuildType)' != 'Build' or '$(ForceRebuild)' == 'true') and '$(EmbedManifestby)'=='LINK')이(가) (('Build' != 'Build' or '' == 'true') and 'LINK'=='LINK')(으)로 확인되었습니다.
"Microsoft.Build.CppTasks.Common, Version=4.0.0.0, Culture=neutral, PublicKeyToken=b03f5f7f11d50a3a" 어셈블리에서 "Mt" 작업을 사용합니다.
"Mt" 작업(작업 ID:27)
"Mt" 작업을 실행했습니다.(작업 ID:27)
"RC" 작업(작업 ID:28)
  다음에서 빌드된 캐시된 출력 종속성 테이블 사용:(작업 ID:28)
  	C:\repository\bgAPP\p3\bgAPP\bgAPP\Debug\rc.write.1.tlog(작업 ID:28)
  다음에서 빌드된 캐시된 입력 종속성 테이블 사용:(작업 ID:28)
  	C:\repository\bgAPP\p3\bgAPP\bgAPP\Debug\rc.read.1.tlog(작업 ID:28)
  C:\REPOSITORY\BGAPP\P3\BGAPP\BGAPP\DEBUG\BGAPP_MANIFEST.RC에 대한 출력:(작업 ID:28)
  	C:\REPOSITORY\BGAPP\P3\BGAPP\BGAPP\DEBUG\BGAPP.EXE.EMBED.MANIFEST.RES(작업 ID:28)
  모든 출력이 최신 상태입니다.(작업 ID:28)
"RC" 작업을 실행했습니다.(작업 ID:28)
"bgAPP.vcxproj" 프로젝트에 "Manifest" 대상을 빌드했습니다.: (대상 ID:70)
"ComputeManifestGeneratedLinkerInputs" 대상을 건너뜁니다. 이전에 빌드되었습니다.
조건이 잘못되어 "LinkEmbedManifest" 대상을 건너뜁니다. ('@(Link)' != '' AND '$(EmbedManifestBy)'=='LINK' AND '$(LinkSkippedExecution)' != 'true')이(가) ('Debug\bgAPP.exe.embed.manifest.res;Debug\bgAPP.obj' != '' AND 'LINK'=='LINK' AND 'True' != 'true')(으)로 확인되었습니다.
"C:\repository\bgAPP\p3\bgAPP\bgAPP\bgAPP.vcxproj" 프로젝트의 "C:\Program Files\MSBuild\Microsoft.Cpp\v4.0\Microsoft.CppBuild.targets" 파일에 있는 "_Manifest: (대상 ID:71)" 대상("BuildLink" 대상이 종속됨):
"bgAPP.vcxproj" 프로젝트에 "_Manifest" 대상을 빌드했습니다.: (대상 ID:71)
조건이 잘못되어 "RegisterOutput" 대상을 건너뜁니다. ('$(EmbedManifest)'=='true' and '$(LinkSkippedExecution)' != 'true')이(가) ('true'=='true' and 'True' != 'true')(으)로 확인되었습니다.
"C:\repository\bgAPP\p3\bgAPP\bgAPP\bgAPP.vcxproj" 프로젝트의 "C:\Program Files\MSBuild\Microsoft.Cpp\v4.0\Microsoft.CppBuild.targets" 파일에 있는 "ComputeCLCompileGeneratedXDCFiles: (대상 ID:72)" 대상("_XdcMake" 대상이 종속됨):
"bgAPP.vcxproj" 프로젝트에 "ComputeCLCompileGeneratedXDCFiles" 대상을 빌드했습니다.: (대상 ID:72)
"SetBuildDefaultEnvironmentVariables" 대상을 건너뜁니다. 이전에 빌드되었습니다.
조건이 잘못되어 "SetUserMacroEnvironmentVariables" 대상을 건너뜁니다. ('@(BuildMacro)' != '')이(가) ('' != '')(으)로 확인되었습니다.
"PrepareForBuild" 대상을 건너뜁니다. 이전에 빌드되었습니다.
"ResolveReferences" 대상을 건너뜁니다. 이전에 빌드되었습니다.
"C:\repository\bgAPP\p3\bgAPP\bgAPP\bgAPP.vcxproj" 프로젝트의 "C:\Program Files\MSBuild\Microsoft.Cpp\v4.0\Microsoft.CppBuild.targets" 파일에 있는 "ResolvedXDCMake: (대상 ID:73)" 대상("_XdcMake" 대상이 종속됨):
조건이 잘못되어 "MSBuild" 작업을 건너뜁니다. ('%(_MSBuildProjectReferenceExistent.Extension)' == '.vcxproj' and '@(ProjectReferenceWithConfiguration)' != '' and '@(_MSBuildProjectReferenceExistent)' != '' and '$(_ClCompileGenerateXMLDocumentationFiles)' == 'true')이(가) ('' == '.vcxproj' and '' != '' and '' != '' and '' == 'true')(으)로 확인되었습니다.
"bgAPP.vcxproj" 프로젝트에 "ResolvedXDCMake" 대상을 빌드했습니다.: (대상 ID:73)
"C:\repository\bgAPP\p3\bgAPP\bgAPP\bgAPP.vcxproj" 프로젝트의 "C:\Program Files\MSBuild\Microsoft.Cpp\v4.0\Microsoft.CppBuild.targets" 파일에 있는 "MakeDirsForXdcMake: (대상 ID:74)" 대상("_XdcMake" 대상이 종속됨):
"MakeDir" 작업(작업 ID:29)
"MakeDir" 작업을 실행했습니다.(작업 ID:29)
"bgAPP.vcxproj" 프로젝트에 "MakeDirsForXdcMake" 대상을 빌드했습니다.: (대상 ID:74)
조건이 잘못되어 "XdcMake" 대상을 건너뜁니다. ('@(XdcMake)' != '')이(가) ('' != '')(으)로 확인되었습니다.
"C:\repository\bgAPP\p3\bgAPP\bgAPP\bgAPP.vcxproj" 프로젝트의 "C:\Program Files\MSBuild\Microsoft.Cpp\v4.0\Microsoft.CppBuild.targets" 파일에 있는 "_XdcMake: (대상 ID:75)" 대상("BuildLink" 대상이 종속됨):
"bgAPP.vcxproj" 프로젝트에 "_XdcMake" 대상을 빌드했습니다.: (대상 ID:75)
"C:\repository\bgAPP\p3\bgAPP\bgAPP\bgAPP.vcxproj" 프로젝트의 "C:\Program Files\MSBuild\Microsoft.Cpp\v4.0\Microsoft.CppBuild.targets" 파일에 있는 "ComputeCLCompileGeneratedSbrFiles: (대상 ID:76)" 대상("_BscMake" 대상이 종속됨):
"bgAPP.vcxproj" 프로젝트에 "ComputeCLCompileGeneratedSbrFiles" 대상을 빌드했습니다.: (대상 ID:76)
"C:\repository\bgAPP\p3\bgAPP\bgAPP\bgAPP.vcxproj" 프로젝트의 "C:\Program Files\MSBuild\Microsoft.Cpp\v4.0\Microsoft.CppBuild.targets" 파일에 있는 "MakeDirsForBscMake: (대상 ID:77)" 대상("_BscMake" 대상이 종속됨):
"MakeDir" 작업(작업 ID:30)
"MakeDir" 작업을 실행했습니다.(작업 ID:30)
"bgAPP.vcxproj" 프로젝트에 "MakeDirsForBscMake" 대상을 빌드했습니다.: (대상 ID:77)
조건이 잘못되어 "BscMake" 대상을 건너뜁니다. ('@(BscMake)' != '')이(가) ('' != '')(으)로 확인되었습니다.
조건이 잘못되어 "CustomBuildStep" 대상을 건너뜁니다. ('@(CustomBuildStep)' != '' and '$(SelectedFiles)'=='')이(가) ('' != '' and ''=='')(으)로 확인되었습니다.
"C:\repository\bgAPP\p3\bgAPP\bgAPP\bgAPP.vcxproj" 프로젝트의 "C:\Program Files\MSBuild\Microsoft.Cpp\v4.0\Microsoft.CppBuild.targets" 파일에 있는 "_BscMake: (대상 ID:78)" 대상("BuildLink" 대상이 종속됨):
"bgAPP.vcxproj" 프로젝트에 "_BscMake" 대상을 빌드했습니다.: (대상 ID:78)
조건이 잘못되어 "RunCodeAnalysis" 대상을 건너뜁니다. ('$(RunCodeAnalysis)'=='true' or '$(RunCodeAnalysisOnce)'=='true')이(가) (''=='true' or ''=='true')(으)로 확인되었습니다.
"C:\repository\bgAPP\p3\bgAPP\bgAPP\bgAPP.vcxproj" 프로젝트의 "c:\Windows\Microsoft.NET\Framework\v4.0.30319\Microsoft.Common.Targets" 파일에 있는 "_GenerateSatelliteAssemblyInputs: (대상 ID:79)" 대상("CreateSatelliteAssemblies" 대상이 종속됨):
조건이 잘못되어 "Warning" 작업을 건너뜁니다. ('@(ManifestResourceWithCulture)'!='' and '%(ManifestResourceWithCulture.EmittedForCompatibilityOnly)'=='')이(가) (''!='' and ''=='')(으)로 확인되었습니다.
조건이 잘못되어 "Warning" 작업을 건너뜁니다. ('@(ManifestNonResxWithCultureOnDisk)'!='' and '%(ManifestNonResxWithCultureOnDisk.EmittedForCompatibilityOnly)'=='')이(가) (''!='' and ''=='')(으)로 확인되었습니다.
"bgAPP.vcxproj" 프로젝트에 "_GenerateSatelliteAssemblyInputs" 대상을 빌드했습니다.: (대상 ID:79)
조건이 잘못되어 "ComputeIntermediateSatelliteAssemblies" 대상을 건너뜁니다. (@(ReferenceSatellitePaths->'%(DestinationSubDirectory)') != '')이(가) ( != '')(으)로 확인되었습니다.
조건이 잘못되어 "GenerateSatelliteAssemblies" 대상을 건너뜁니다. ('@(_SatelliteAssemblyResourceInputs)' != '')이(가) ('' != '')(으)로 확인되었습니다.
"C:\repository\bgAPP\p3\bgAPP\bgAPP\bgAPP.vcxproj" 프로젝트의 "c:\Windows\Microsoft.NET\Framework\v4.0.30319\Microsoft.Common.Targets" 파일에 있는 "CreateSatelliteAssemblies: (대상 ID:80)" 대상("BuildLink" 대상이 종속됨):
"bgAPP.vcxproj" 프로젝트에 "CreateSatelliteAssemblies" 대상을 빌드했습니다.: (대상 ID:80)
"C:\repository\bgAPP\p3\bgAPP\bgAPP\bgAPP.vcxproj" 프로젝트의 "C:\Program Files\MSBuild\Microsoft.Cpp\v4.0\Microsoft.CppBuild.targets" 파일에 있는 "_Appverifier: (대상 ID:81)" 대상("BuildLink" 대상이 종속됨):
"bgAPP.vcxproj" 프로젝트에 "_Appverifier" 대상을 빌드했습니다.: (대상 ID:81)
"C:\repository\bgAPP\p3\bgAPP\bgAPP\bgAPP.vcxproj" 프로젝트의 "C:\Program Files\MSBuild\Microsoft.Cpp\v4.0\Microsoft.CppBuild.targets" 파일에 있는 "_Deploy: (대상 ID:82)" 대상("BuildLink" 대상이 종속됨):
"bgAPP.vcxproj" 프로젝트에 "_Deploy" 대상을 빌드했습니다.: (대상 ID:82)
조건이 잘못되어 "ComputeIntermediateSatelliteAssemblies" 대상을 건너뜁니다. (@(ReferenceSatellitePaths->'%(DestinationSubDirectory)') != '')이(가) ( != '')(으)로 확인되었습니다.
조건이 잘못되어 "_CopyFilesMarkedCopyLocal" 대상을 건너뜁니다. ('@(ReferenceCopyLocalPaths)' != '')이(가) ('' != '')(으)로 확인되었습니다.
"AssignTargetPaths" 대상을 건너뜁니다. 이전에 빌드되었습니다.
"_SplitProjectReferencesByFileExistence" 대상을 건너뜁니다. 이전에 빌드되었습니다.
"C:\repository\bgAPP\p3\bgAPP\bgAPP\bgAPP.vcxproj" 프로젝트의 "c:\Windows\Microsoft.NET\Framework\v4.0.30319\Microsoft.Common.Targets" 파일에 있는 "GetCopyToOutputDirectoryItems: (대상 ID:83)" 대상("_CopySourceItemsToOutputDirectory" 대상이 종속됨):
조건이 잘못되어 "MSBuild" 작업을 건너뜁니다. ('@(_MSBuildProjectReferenceExistent)' != '' and '$(_GetChildProjectCopyToOutputDirectoryItems)' == 'true' and '%(_MSBuildProjectReferenceExistent.Private)' != 'false' and '$(UseCommonOutputDirectory)' != 'true')이(가) ('' != '' and 'true' == 'true' and '' != 'false' and 'false' != 'true')(으)로 확인되었습니다.
"AssignTargetPath" 작업(작업 ID:31)
"AssignTargetPath" 작업을 실행했습니다.(작업 ID:31)
"bgAPP.vcxproj" 프로젝트에 "GetCopyToOutputDirectoryItems" 대상을 빌드했습니다.: (대상 ID:83)
조건이 잘못되어 "_CopyOutOfDateSourceItemsToOutputDirectory" 대상을 건너뜁니다. ( '@(_SourceItemsToCopyToOutputDirectory)' != '' )이(가) ( '' != '' )(으)로 확인되었습니다.
조건이 잘못되어 "_CopyOutOfDateSourceItemsToOutputDirectoryAlways" 대상을 건너뜁니다. ( '@(_SourceItemsToCopyToOutputDirectoryAlways)' != '' )이(가) ( '' != '' )(으)로 확인되었습니다.
"C:\repository\bgAPP\p3\bgAPP\bgAPP\bgAPP.vcxproj" 프로젝트의 "c:\Windows\Microsoft.NET\Framework\v4.0.30319\Microsoft.Common.Targets" 파일에 있는 "_CopySourceItemsToOutputDirectory: (대상 ID:84)" 대상("CopyFilesToOutputDirectory" 대상이 종속됨):
"bgAPP.vcxproj" 프로젝트에 "_CopySourceItemsToOutputDirectory" 대상을 빌드했습니다.: (대상 ID:84)
조건이 잘못되어 "_CopyAppConfigFile" 대상을 건너뜁니다. ( '@(AppConfigWithTargetPath)' != '' )이(가) ( '' != '' )(으)로 확인되었습니다.
조건이 잘못되어 "_CopyManifestFiles" 대상을 건너뜁니다. ( '$(_DeploymentCopyApplicationManifest)'=='true' or '$(GenerateClickOnceManifests)'=='true' )이(가) ( ''=='true' or ''=='true' )(으)로 확인되었습니다.
"C:\repository\bgAPP\p3\bgAPP\bgAPP\bgAPP.vcxproj" 프로젝트의 "c:\Windows\Microsoft.NET\Framework\v4.0.30319\Microsoft.Common.Targets" 파일에 있는 "_CheckForCompileOutputs: (대상 ID:85)" 대상("CopyFilesToOutputDirectory" 대상이 종속됨):
"bgAPP.vcxproj" 프로젝트에 "_CheckForCompileOutputs" 대상을 빌드했습니다.: (대상 ID:85)
조건이 잘못되어 "_SGenCheckForOutputs" 대상을 건너뜁니다. ('$(_SGenGenerateSerializationAssembliesConfig)' == 'On' or ('@(WebReferenceUrl)'!='' and '$(_SGenGenerateSerializationAssembliesConfig)' == 'Auto'))이(가) ('Off' == 'On' or (''!='' and 'Off' == 'Auto'))(으)로 확인되었습니다.
"C:\repository\bgAPP\p3\bgAPP\bgAPP\bgAPP.vcxproj" 프로젝트의 "c:\Windows\Microsoft.NET\Framework\v4.0.30319\Microsoft.Common.Targets" 파일에 있는 "CopyFilesToOutputDirectory: (대상 ID:86)" 대상("BuildLink" 대상이 종속됨):
조건이 잘못되어 "Copy" 작업을 건너뜁니다. ('$(CopyBuildOutputToOutputDirectory)' == 'true' and '$(SkipCopyBuildProduct)' != 'true')이(가) ('true' == 'true' and 'true' != 'true')(으)로 확인되었습니다.
조건이 잘못되어 "Message" 작업을 건너뜁니다. ('$(SkipCopyBuildProduct)'!='true')이(가) ('true'!='true')(으)로 확인되었습니다.
조건이 잘못되어 "Copy" 작업을 건너뜁니다. ('@(AddModules)' != '')이(가) ('' != '')(으)로 확인되었습니다.
조건이 잘못되어 "Copy" 작업을 건너뜁니다. ('$(_SGenDllCreated)'=='true')이(가) ('false'=='true')(으)로 확인되었습니다.
조건이 잘못되어 "Copy" 작업을 건너뜁니다. ('$(_DebugSymbolsProduced)'=='true' and '$(SkipCopyingSymbolsToOutputDirectory)' != 'true' and '$(CopyOutputSymbolsToOutputDirectory)'=='true')이(가) ('false'=='true' and '' != 'true' and 'true'=='true')(으)로 확인되었습니다.
조건이 잘못되어 "Copy" 작업을 건너뜁니다. ('$(_DocumentationFileProduced)'=='true')이(가) ('false'=='true')(으)로 확인되었습니다.
조건이 잘못되어 "Copy" 작업을 건너뜁니다. ('@(IntermediateSatelliteAssembliesWithTargetPath)' != '')이(가) ('' != '')(으)로 확인되었습니다.
조건이 잘못되어 "Copy" 작업을 건너뜁니다. ('@(ReferenceComWrappersToCopyLocal)' != '' or '@(ResolvedIsolatedComModules)' != '' or '@(_DeploymentLooseManifestFile)' != '' or '@(NativeReferenceFile)' != '' )이(가) ('' != '' or '' != '' or '' != '' or '' != '' )(으)로 확인되었습니다.
"bgAPP.vcxproj" 프로젝트에 "CopyFilesToOutputDirectory" 대상을 빌드했습니다.: (대상 ID:86)
조건이 잘못되어 "CustomBuildStep" 대상을 건너뜁니다. ('@(CustomBuildStep)' != '' and '$(SelectedFiles)'=='')이(가) ('' != '' and ''=='')(으)로 확인되었습니다.
"C:\repository\bgAPP\p3\bgAPP\bgAPP\bgAPP.vcxproj" 프로젝트의 "C:\Program Files\MSBuild\Microsoft.Cpp\v4.0\Microsoft.CppCommon.targets" 파일에 있는 "PostBuildEvent: (대상 ID:87)" 대상("BuildLink" 대상이 종속됨):
조건이 잘못되어 "Message" 작업을 건너뜁니다. ('%(PostBuildEvent.Message)' != '' and '%(PostBuildEvent.Command)' != '')이(가) ('' != '' and '' != '')(으)로 확인되었습니다.
조건이 잘못되어 "Exec" 작업을 건너뜁니다. ('%(PostBuildEvent.Command)' != '')이(가) ('' != '')(으)로 확인되었습니다.
"bgAPP.vcxproj" 프로젝트에 "PostBuildEvent" 대상을 빌드했습니다.: (대상 ID:87)
"C:\repository\bgAPP\p3\bgAPP\bgAPP\bgAPP.vcxproj" 프로젝트의 "c:\Windows\Microsoft.NET\Framework\v4.0.30319\Microsoft.Common.Targets" 파일에 있는 "BuildLink: (대상 ID:88)" 대상("Build" 대상이 종속됨):
"bgAPP.vcxproj" 프로젝트에 "BuildLink" 대상을 빌드했습니다.: (대상 ID:88)
"C:\repository\bgAPP\p3\bgAPP\bgAPP\bgAPP.vcxproj" 프로젝트의 "C:\Program Files\MSBuild\Microsoft.Cpp\v4.0\Microsoft.BuildSteps.Targets" 파일에 있는 "AfterBuild: (대상 ID:89)" 대상("Build" 대상이 종속됨):
"bgAPP.vcxproj" 프로젝트에 "AfterBuild" 대상을 빌드했습니다.: (대상 ID:89)
"C:\repository\bgAPP\p3\bgAPP\bgAPP\bgAPP.vcxproj" 프로젝트의 "C:\Program Files\MSBuild\Microsoft.Cpp\v4.0\Microsoft.CppBuild.targets" 파일에 있는 "FinalizeBuildStatus: (대상 ID:90)" 대상("Build" 대상이 종속됨):
"Microsoft.Build.Tasks.v4.0, Version=4.0.0.0, Culture=neutral, PublicKeyToken=b03f5f7f11d50a3a" 어셈블리에서 "Delete" 작업을 사용합니다.
"Delete" 작업(작업 ID:32)
  "Debug\bgAPP.unsuccessfulbuild" 파일을 삭제하고 있습니다.(작업 ID:32)
"Delete" 작업을 실행했습니다.(작업 ID:32)
"Touch" 작업(작업 ID:33)
  "Debug\bgAPP.lastbuildstate"에 연결(touching)하고 있습니다.(작업 ID:33)
"Touch" 작업을 실행했습니다.(작업 ID:33)
"bgAPP.vcxproj" 프로젝트에 "FinalizeBuildStatus" 대상을 빌드했습니다.: (대상 ID:90)
"C:\repository\bgAPP\p3\bgAPP\bgAPP\bgAPP.vcxproj" 프로젝트의 "C:\Program Files\MSBuild\Microsoft.Cpp\v4.0\Microsoft.BuildSteps.Targets" 파일에 있는 "Build: (대상 ID:91)" 대상(진입점):
"bgAPP.vcxproj" 프로젝트에 "Build" 대상을 빌드했습니다.: (대상 ID:91)
"C:\repository\bgAPP\p3\bgAPP\bgAPP\bgAPP.vcxproj" 프로젝트를 빌드했습니다(build 대상).

프로젝트 성능 요약:
      611ms  C:\repository\bgAPP\p3\bgAPP\bgAPP\bgAPP.vcxproj   1회 호출
                611ms  build                                      1회 호출

대상 성능 요약:
        0ms  _Midl                                      1회 호출
        0ms  MakeDirsForLink                            1회 호출
        0ms  SelectCustomBuild                          1회 호출
        0ms  GetReferenceAssemblyPaths                  1회 호출
        0ms  _ClCompile                                 1회 호출
        0ms  SelectClCompile                            1회 호출
        0ms  ResolveReferences                          1회 호출
        0ms  ComputeCLGeneratedLinkInputs               1회 호출
        0ms  _PrepareForBuild                           1회 호출
        0ms  AfterResourceCompile                       1회 호출
        0ms  AfterMidl                                  1회 호출
        0ms  BeforeResourceCompile                      1회 호출
        0ms  ComputeMIDLGeneratedCompileInputs          1회 호출
        0ms  _XdcMake                                   1회 호출
        0ms  _Deploy                                    1회 호출
        0ms  _Manifest                                  1회 호출
        0ms  CreateCustomManifestResourceNames          1회 호출
        0ms  PrepareResourceNames                       1회 호출
        0ms  GetCopyToOutputDirectoryItems              1회 호출
        0ms  AfterBuildCompileEvent                     1회 호출
        0ms  CreateSatelliteAssemblies                  1회 호출
        0ms  ComputeCustomBuildOutput                   1회 호출
        0ms  ComputeRCOutputs                           1회 호출
        0ms  _ResourceCompile                           1회 호출
        0ms  ComputeCLCompileGeneratedSbrFiles          1회 호출
        0ms  AfterLink                                  1회 호출
        0ms  ComputeCLInputPDBName                      1회 호출
        0ms  _DetermineManagedStateFromCL               1회 호출
        0ms  _Xsd                                       1회 호출
        0ms  GetFrameworkPaths                          1회 호출
        0ms  CopyFilesToOutputDirectory                 1회 호출
        0ms  FinalizeBuildStatus                        1회 호출
        0ms  ResolvedXDCMake                            1회 호출
        0ms  AfterClCompile                             1회 호출
        0ms  MakeDirsForCl                              1회 호출
        0ms  BuildLinkTraverse                          1회 호출
        0ms  ComputeLinkInputsFromProject               1회 호출
        0ms  ComputeManifestInputsTargets               1회 호출
        0ms  ComputeManifestGeneratedLinkerInputs       1회 호출
        0ms  PostBuildEvent                             1회 호출
        0ms  BeforeBuildGenerateSources                 1회 호출
        0ms  MakeDirsForBscMake                         1회 호출
        0ms  BuildGenerateSources                       1회 호출
        0ms  MakeDirsForMidl                            1회 호출
        0ms  PreBuildEvent                              1회 호출
        0ms  AfterResolveReferences                     1회 호출
        0ms  _SelectedFiles                             1회 호출
        0ms  AfterBuild                                 1회 호출
        0ms  BeforeResolveReferences                    1회 호출
        0ms  _Link                                      1회 호출
        0ms  Build                                      1회 호출
        0ms  _ALink                                     1회 호출
        0ms  BuildCompileTraverse                       1회 호출
        0ms  AfterBuildGenerateSources                  1회 호출
        0ms  _BscMake                                   1회 호출
        0ms  ComputeCLCompileGeneratedXDCFiles          1회 호출
        0ms  _Appverifier                               1회 호출
        0ms  BeforeClCompile                            1회 호출
        0ms  _GenerateWebServiceProxy                   1회 호출
        0ms  _GenerateXMLData                           1회 호출
        0ms  ComputeRCGeneratedLinkInputs               1회 호출
        0ms  BuildCompile                               1회 호출
        0ms  BeforeLink                                 1회 호출
        0ms  PlatformPrepareForBuild                    1회 호출
        0ms  PreLinkEvent                               1회 호출
        0ms  BuildLink                                  1회 호출
        0ms  MakeDirsForXdcMake                         1회 호출
        0ms  ResolveProjectReferences                   1회 호출
        0ms  _CopySourceItemsToOutputDirectory          1회 호출
        0ms  AfterBuildGenerateSourcesEvent             1회 호출
        0ms  _DetermineManagedStateForLink              1회 호출
        0ms  BuildGenerateSourcesTraverse               1회 호출
        0ms  AssignTargetPaths                          1회 호출
        1ms  _SplitProjectReferencesByFileExistence     1회 호출
        1ms  _CheckForCompileOutputs                    1회 호출
        1ms  DoLinkOutputFilesMatch                     1회 호출
        1ms  MakeDirsForResourceCompile                 1회 호출
        1ms  ComputeCLOutputs                           1회 호출
        1ms  _GenerateSatelliteAssemblyInputs           1회 호출
        1ms  SplitResourcesByCulture                    1회 호출
        1ms  ComputeReferenceCLInput                    1회 호출
        1ms  MakeDirsForManifest                        1회 호출
        1ms  PrepareForBuild                            1회 호출
        2ms  InitializeBuildStatus                      1회 호출
        2ms  _CheckForInvalidConfigurationAndPlatform   1회 호출
        3ms  SetBuildDefaultEnvironmentVariables        1회 호출
        4ms  Manifest                                   1회 호출
       12ms  Link                                       1회 호출
       38ms  ManifestResourceCompile                    1회 호출
      540ms  ClCompile                                  1회 호출

작업 성능 요약:
        0ms  AssignTargetPath                           5회 호출
        0ms  ReadLinesFromFile                          1회 호출
        0ms  Delete                                     1회 호출
        0ms  Message                                    2회 호출
        1ms  WriteLinesToFile                           1회 호출
        1ms  AssignCulture                              1회 호출
        1ms  Touch                                      2회 호출
        1ms  Mt                                         1회 호출
        1ms  MakeDir                                   10회 호출
        2ms  SetEnv                                     4회 호출
       12ms  Link                                       1회 호출
       40ms  RC                                         2회 호출
      539ms  CL                                         1회 호출

빌드했습니다.

경과 시간: 00:00:00.65
